#
# There is insufficient memory for the Java Runtime Environment to continue.
# Native memory allocation (malloc) failed to allocate 2733456 bytes for Chunk::new
# Possible reasons:
#   The system is out of physical RAM or swap space
#   The process is running with CompressedOops enabled, and the Java Heap may be blocking the growth of the native heap
# Possible solutions:
#   Reduce memory load on the system
#   Increase physical memory or swap space
#   Check if swap backing store is full
#   Decrease Java heap size (-Xmx/-Xms)
#   Decrease number of Java threads
#   Decrease Java thread stack sizes (-Xss)
#   Set larger code cache with -XX:ReservedCodeCacheSize=
#   JVM is running with Unscaled Compressed Oops mode in which the Java heap is
#     placed in the first 4GB address space. The Java Heap base address is the
#     maximum limit for the native heap growth. Please use -XX:HeapBaseMinAddress
#     to set the Java Heap base and to place the Java Heap above 4GB virtual address.
# This output file may be truncated or incomplete.
#
#  Out of Memory Error (t:/workspace/open/src/hotspot/share/memory/arena.cpp:198), pid=1128, tid=4204
#
# JRE version: Java(TM) SE Runtime Environment (10.0.1+10) (build 10.0.1+10)
# Java VM: Java HotSpot(TM) 64-Bit Server VM (10.0.1+10, mixed mode, tiered, compressed oops, g1 gc, windows-amd64)
# No core dump will be written. Minidumps are not enabled by default on client versions of Windows
#

---------------  S U M M A R Y ------------

Command Line: -Dmaven.multiModuleProjectDirectory=C:\Users\Test\IdeaProjects\WebAppv10 -Dmaven.home=C:\Program Files\JetBrains\IntelliJ IDEA Community Edition 2018.1.4\plugins\maven\lib\maven3 -Dclassworlds.conf=C:\Program Files\JetBrains\IntelliJ IDEA Community Edition 2018.1.4\plugins\maven\lib\maven3\bin\m2.conf -javaagent:C:\Program Files\JetBrains\IntelliJ IDEA Community Edition 2018.1.4\lib\idea_rt.jar=56325:C:\Program Files\JetBrains\IntelliJ IDEA Community Edition 2018.1.4\bin -Dfile.encoding=UTF-8 org.codehaus.classworlds.Launcher -Didea.version=2018.1.5 tomcat7:run

Host: Intel(R) Celeron(R) CPU  N3050  @ 1.60GHz, 2 cores, 1G,  Windows 10 , 64 bit Build 10240 (10.0.10240.17113)
Time: Thu Aug 16 14:25:25 2018 Aaea?onu (ceia) elapsed time: 135 seconds (0d 0h 2m 15s)

---------------  T H R E A D  ---------------

Current thread (0x000000be1ecb5800):  JavaThread "C2 CompilerThread0" daemon [_thread_in_native, id=4204, stack(0x000000be1f370000,0x000000be1f470000)]


Current CompileTask:
C2: 135960 8243       4       org.eclipse.jdt.internal.compiler.lookup.BinaryTypeBinding::createMethod (1098 bytes)

Stack: [0x000000be1f370000,0x000000be1f470000]
Native frames: (J=compiled Java code, j=interpreted, Vv=VM code, C=native code)
V  [jvm.dll+0x5a0369]
V  [jvm.dll+0x6bcf81]
V  [jvm.dll+0x6be176]
V  [jvm.dll+0x6be803]
V  [jvm.dll+0x234998]
V  [jvm.dll+0xbb92c]
V  [jvm.dll+0xbbe2c]
V  [jvm.dll+0x34bd41]
V  [jvm.dll+0x18ee9c]
V  [jvm.dll+0x1ffeed]
V  [jvm.dll+0x1ff066]
V  [jvm.dll+0x17ca6b]
V  [jvm.dll+0x20c81d]
V  [jvm.dll+0x20b5e6]
V  [jvm.dll+0x68bb6f]
V  [jvm.dll+0x59f680]
C  [msvcr120.dll+0x24f7f]
C  [msvcr120.dll+0x25126]
C  [KERNEL32.DLL+0x12d92]
C  [ntdll.dll+0x9f64]


---------------  P R O C E S S  ---------------

Threads class SMR info:
_java_thread_list=0x000000be2570a810, length=20, elements={
0x000000be7e5ce000, 0x000000be1ec5e800, 0x000000be1ec60800, 0x000000be1ecb0800,
0x000000be1ecb3800, 0x000000be1ecb5800, 0x000000be1ecb6800, 0x000000be1ecb7800,
0x000000be1f7c6000, 0x000000be1f8fe800, 0x000000be1f8ff000, 0x000000be2034f800,
0x000000be20492800, 0x000000be20a8f000, 0x000000be2105d000, 0x000000be22778000,
0x000000be1fee0000, 0x000000be20118800, 0x000000be25385800, 0x000000be20576800
}

Java Threads: ( => current thread )
  0x000000be7e5ce000 JavaThread "main" [_thread_blocked, id=3484, stack(0x000000be7fe40000,0x000000be7ff40000)]
  0x000000be1ec5e800 JavaThread "Reference Handler" daemon [_thread_blocked, id=6044, stack(0x000000be1ee70000,0x000000be1ef70000)]
  0x000000be1ec60800 JavaThread "Finalizer" daemon [_thread_blocked, id=6332, stack(0x000000be1ef70000,0x000000be1f070000)]
  0x000000be1ecb0800 JavaThread "Signal Dispatcher" daemon [_thread_blocked, id=5124, stack(0x000000be1f170000,0x000000be1f270000)]
  0x000000be1ecb3800 JavaThread "Attach Listener" daemon [_thread_blocked, id=2176, stack(0x000000be1f270000,0x000000be1f370000)]
=>0x000000be1ecb5800 JavaThread "C2 CompilerThread0" daemon [_thread_in_native, id=4204, stack(0x000000be1f370000,0x000000be1f470000)]
  0x000000be1ecb6800 JavaThread "C1 CompilerThread1" daemon [_thread_blocked, id=4692, stack(0x000000be1f470000,0x000000be1f570000)]
  0x000000be1ecb7800 JavaThread "Sweeper thread" daemon [_thread_blocked, id=6552, stack(0x000000be1f570000,0x000000be1f670000)]
  0x000000be1f7c6000 JavaThread "Common-Cleaner" daemon [_thread_blocked, id=5764, stack(0x000000be1fa70000,0x000000be1fb70000)]
  0x000000be1f8fe800 JavaThread "Monitor Ctrl-Break" daemon [_thread_in_native, id=6412, stack(0x000000be1fb80000,0x000000be1fc80000)]
  0x000000be1f8ff000 JavaThread "Service Thread" daemon [_thread_blocked, id=3388, stack(0x000000be1fc80000,0x000000be1fd80000)]
  0x000000be2034f800 JavaThread "Thread-1" daemon [_thread_in_native, id=2020, stack(0x000000be24b70000,0x000000be24c70000)]
  0x000000be20492800 JavaThread "ContainerBackgroundProcessor[StandardEngine[Tomcat]]" daemon [_thread_blocked, id=6068, stack(0x000000be24e70000,0x000000be24f70000)]
  0x000000be20a8f000 JavaThread "http-bio-8080-Acceptor-0" daemon [_thread_in_native, id=4072, stack(0x000000be24f70000,0x000000be25070000)]
  0x000000be2105d000 JavaThread "http-bio-8080-AsyncTimeout" daemon [_thread_blocked, id=2848, stack(0x000000be27070000,0x000000be27170000)]
  0x000000be22778000 JavaThread "http-bio-8080-exec-1" daemon [_thread_blocked, id=6716, stack(0x000000be27170000,0x000000be27270000)]
  0x000000be1fee0000 JavaThread "http-bio-8080-exec-2" daemon [_thread_blocked, id=3344, stack(0x000000be27270000,0x000000be27370000)]
  0x000000be20118800 JavaThread "http-bio-8080-exec-3" daemon [_thread_blocked, id=6576, stack(0x000000be27470000,0x000000be27570000)]
  0x000000be25385800 JavaThread "http-bio-8080-exec-4" daemon [_thread_blocked, id=5684, stack(0x000000be27570000,0x000000be27670000)]
  0x000000be20576800 JavaThread "http-bio-8080-exec-5" daemon [_thread_in_native, id=4480, stack(0x000000be28e60000,0x000000be28f60000)]

Other Threads:
  0x000000be1ec47000 VMThread "VM Thread" [stack: 0x000000be1ed70000,0x000000be1ee70000] [id=5796]
  0x000000be1f8fd800 WatcherThread [stack: 0x000000be1fd80000,0x000000be1fe80000] [id=5252]
  0x000000be00029000 GCTaskThread "GC Thread#0" [stack: 0x000000be1a5c0000,0x000000be1a6c0000] [id=4516]
  0x000000be0002a800 GCTaskThread "GC Thread#1" [stack: 0x000000be1a6c0000,0x000000be1a7c0000] [id=7152]
  0x000000be00048000 ConcurrentGCThread "G1 Main Marker" [stack: 0x000000be1bc50000,0x000000be1bd50000] [id=5632]
  0x000000be0004c000 ConcurrentGCThread "G1 Conc#0" [stack: 0x000000be1bd50000,0x000000be1be50000] [id=6348]
  0x000000be00077000 ConcurrentGCThread "G1 Refine#0" [stack: 0x000000be1e070000,0x000000be1e170000] [id=6788]
  0x000000be0007a800 ConcurrentGCThread "G1 Refine#1" [stack: 0x000000be1e170000,0x000000be1e270000] [id=5712]
  0x000000be0007c000 ConcurrentGCThread "G1 Young RemSet Sampling" [stack: 0x000000be1e270000,0x000000be1e370000] [id=780]

Threads with active compile tasks:
C2 CompilerThread08243       4       org.eclipse.jdt.internal.compiler.lookup.BinaryTypeBinding::createMethod (1098 bytes)

VM state:not at safepoint (normal execution)

VM Mutex/Monitor currently owned by a thread: None

Heap address: 0x00000000e1800000, size: 488 MB, Compressed Oops mode: 32-bit
Narrow klass base: 0x0000000000000000, Narrow klass shift: 3
Compressed class space size: 1073741824 Address: 0x0000000100000000

Heap:
 garbage-first heap   total 158720K, used 80143K [0x00000000e1800000, 0x0000000100000000)
  region size 1024K, 47 young (48128K), 7 survivors (7168K)
 Metaspace       used 51523K, capacity 52349K, committed 52864K, reserved 1097728K
  class space    used 5116K, capacity 5480K, committed 5504K, reserved 1048576K
Heap Regions: E=young(eden), S=young(survivor), O=old, HS=humongous(starts), HC=humongous(continues), CS=collection set, F=free, A=archive, TS=gc time stamp, AC=allocation context, TAMS=top-at-mark-start (previous, next)
|   0|0x00000000e1800000, 0x00000000e1900000, 0x00000000e1900000|100%| O|  |TS  0|AC  0|TAMS 0x00000000e1900000, 0x00000000e1900000|
|   1|0x00000000e1900000, 0x00000000e1a00000, 0x00000000e1a00000|100%| O|  |TS  0|AC  0|TAMS 0x00000000e1a00000, 0x00000000e1a00000|
|   2|0x00000000e1a00000, 0x00000000e1b00000, 0x00000000e1b00000|100%| O|  |TS  0|AC  0|TAMS 0x00000000e1b00000, 0x00000000e1b00000|
|   3|0x00000000e1b00000, 0x00000000e1c00000, 0x00000000e1c00000|100%| O|  |TS  0|AC  0|TAMS 0x00000000e1c00000, 0x00000000e1c00000|
|   4|0x00000000e1c00000, 0x00000000e1d00000, 0x00000000e1d00000|100%| O|  |TS  0|AC  0|TAMS 0x00000000e1d00000, 0x00000000e1d00000|
|   5|0x00000000e1d00000, 0x00000000e1e00000, 0x00000000e1e00000|100%| O|  |TS  0|AC  0|TAMS 0x00000000e1e00000, 0x00000000e1e00000|
|   6|0x00000000e1e00000, 0x00000000e1f00000, 0x00000000e1f00000|100%| O|  |TS  0|AC  0|TAMS 0x00000000e1f00000, 0x00000000e1f00000|
|   7|0x00000000e1f00000, 0x00000000e2000000, 0x00000000e2000000|100%| O|  |TS  0|AC  0|TAMS 0x00000000e2000000, 0x00000000e2000000|
|   8|0x00000000e2000000, 0x00000000e2100000, 0x00000000e2100000|100%| O|  |TS  0|AC  0|TAMS 0x00000000e2100000, 0x00000000e2100000|
|   9|0x00000000e2100000, 0x00000000e2200000, 0x00000000e2200000|100%| O|  |TS  0|AC  0|TAMS 0x00000000e2200000, 0x00000000e2200000|
|  10|0x00000000e2200000, 0x00000000e2300000, 0x00000000e2300000|100%| O|  |TS  0|AC  0|TAMS 0x00000000e2300000, 0x00000000e2300000|
|  11|0x00000000e2300000, 0x00000000e2400000, 0x00000000e2400000|100%| O|  |TS  0|AC  0|TAMS 0x00000000e2400000, 0x00000000e2400000|
|  12|0x00000000e2400000, 0x00000000e2500000, 0x00000000e2500000|100%| O|  |TS  0|AC  0|TAMS 0x00000000e2500000, 0x00000000e2500000|
|  13|0x00000000e2500000, 0x00000000e2600000, 0x00000000e2600000|100%| O|  |TS  0|AC  0|TAMS 0x00000000e2600000, 0x00000000e2600000|
|  14|0x00000000e2600000, 0x00000000e2700000, 0x00000000e2700000|100%| O|  |TS  0|AC  0|TAMS 0x00000000e2700000, 0x00000000e2700000|
|  15|0x00000000e2700000, 0x00000000e2800000, 0x00000000e2800000|100%| O|  |TS  0|AC  0|TAMS 0x00000000e2800000, 0x00000000e2800000|
|  16|0x00000000e2800000, 0x00000000e2900000, 0x00000000e2900000|100%| O|  |TS  0|AC  0|TAMS 0x00000000e2900000, 0x00000000e2900000|
|  17|0x00000000e2900000, 0x00000000e2a00000, 0x00000000e2a00000|100%| O|  |TS  5|AC  0|TAMS 0x00000000e2900000, 0x00000000e2900000|
|  18|0x00000000e2a00000, 0x00000000e2b00000, 0x00000000e2b00000|100%| O|  |TS  0|AC  0|TAMS 0x00000000e2b00000, 0x00000000e2b00000|
|  19|0x00000000e2b00000, 0x00000000e2c00000, 0x00000000e2c00000|100%| O|  |TS  6|AC  0|TAMS 0x00000000e2b00000, 0x00000000e2b00000|
|  20|0x00000000e2c00000, 0x00000000e2d00000, 0x00000000e2d00000|100%| O|  |TS  0|AC  0|TAMS 0x00000000e2d00000, 0x00000000e2d00000|
|  21|0x00000000e2d00000, 0x00000000e2e00000, 0x00000000e2e00000|100%| O|  |TS  0|AC  0|TAMS 0x00000000e2e00000, 0x00000000e2e00000|
|  22|0x00000000e2e00000, 0x00000000e2f00000, 0x00000000e2f00000|100%| O|  |TS  0|AC  0|TAMS 0x00000000e2f00000, 0x00000000e2f00000|
|  23|0x00000000e2f00000, 0x00000000e3000000, 0x00000000e3000000|100%| O|  |TS  0|AC  0|TAMS 0x00000000e3000000, 0x00000000e3000000|
|  24|0x00000000e3000000, 0x00000000e3100000, 0x00000000e3100000|100%| O|  |TS  0|AC  0|TAMS 0x00000000e3100000, 0x00000000e3100000|
|  25|0x00000000e3100000, 0x00000000e3200000, 0x00000000e3200000|100%| O|  |TS  1|AC  0|TAMS 0x00000000e3184600, 0x00000000e3184600|
|  26|0x00000000e3200000, 0x00000000e3300000, 0x00000000e3300000|100%| O|  |TS  2|AC  0|TAMS 0x00000000e3200000, 0x00000000e3200000|
|  27|0x00000000e3300000, 0x00000000e3400000, 0x00000000e3400000|100%| O|  |TS  5|AC  0|TAMS 0x00000000e3300000, 0x00000000e3300000|
|  28|0x00000000e3400000, 0x00000000e3500000, 0x00000000e3500000|100%| O|  |TS  6|AC  0|TAMS 0x00000000e3400000, 0x00000000e3400000|
|  29|0x00000000e3500000, 0x00000000e3600000, 0x00000000e3600000|100%| O|  |TS 10|AC  0|TAMS 0x00000000e3500000, 0x00000000e3500000|
|  30|0x00000000e3600000, 0x00000000e3700000, 0x00000000e3700000|100%| O|  |TS 10|AC  0|TAMS 0x00000000e3600000, 0x00000000e3600000|
|  31|0x00000000e3700000, 0x00000000e3800000, 0x00000000e3800000|100%| O|  |TS 10|AC  0|TAMS 0x00000000e3700000, 0x00000000e3700000|
|  32|0x00000000e3800000, 0x00000000e38caa00, 0x00000000e3900000| 79%| O|  |TS 10|AC  0|TAMS 0x00000000e3800000, 0x00000000e3800000|
|  33|0x00000000e3900000, 0x00000000e3900000, 0x00000000e3a00000|  0%| F|  |TS  0|AC  0|TAMS 0x00000000e3900000, 0x00000000e3900000|
|  34|0x00000000e3a00000, 0x00000000e3a00000, 0x00000000e3b00000|  0%| F|  |TS  0|AC  0|TAMS 0x00000000e3a00000, 0x00000000e3a00000|
|  35|0x00000000e3b00000, 0x00000000e3b00000, 0x00000000e3c00000|  0%| F|  |TS  1|AC  0|TAMS 0x00000000e3b00000, 0x00000000e3b00000|
|  36|0x00000000e3c00000, 0x00000000e3c00000, 0x00000000e3d00000|  0%| F|  |TS  1|AC  0|TAMS 0x00000000e3c00000, 0x00000000e3c00000|
|  37|0x00000000e3d00000, 0x00000000e3d00000, 0x00000000e3e00000|  0%| F|  |TS  2|AC  0|TAMS 0x00000000e3d00000, 0x00000000e3d00000|
|  38|0x00000000e3e00000, 0x00000000e3e00000, 0x00000000e3f00000|  0%| F|  |TS  2|AC  0|TAMS 0x00000000e3e00000, 0x00000000e3e00000|
|  39|0x00000000e3f00000, 0x00000000e3f00000, 0x00000000e4000000|  0%| F|  |TS  1|AC  0|TAMS 0x00000000e3f00000, 0x00000000e3f00000|
|  40|0x00000000e4000000, 0x00000000e4000000, 0x00000000e4100000|  0%| F|  |TS  1|AC  0|TAMS 0x00000000e4000000, 0x00000000e4000000|
|  41|0x00000000e4100000, 0x00000000e4100000, 0x00000000e4200000|  0%| F|  |TS  5|AC  0|TAMS 0x00000000e4100000, 0x00000000e4100000|
|  42|0x00000000e4200000, 0x00000000e4200000, 0x00000000e4300000|  0%| F|  |TS  7|AC  0|TAMS 0x00000000e4200000, 0x00000000e4200000|
|  43|0x00000000e4300000, 0x00000000e4300000, 0x00000000e4400000|  0%| F|  |TS  7|AC  0|TAMS 0x00000000e4300000, 0x00000000e4300000|
|  44|0x00000000e4400000, 0x00000000e4400000, 0x00000000e4500000|  0%| F|  |TS  6|AC  0|TAMS 0x00000000e4400000, 0x00000000e4400000|
|  45|0x00000000e4500000, 0x00000000e4500000, 0x00000000e4600000|  0%| F|  |TS  6|AC  0|TAMS 0x00000000e4500000, 0x00000000e4500000|
|  46|0x00000000e4600000, 0x00000000e4600000, 0x00000000e4700000|  0%| F|  |TS  6|AC  0|TAMS 0x00000000e4600000, 0x00000000e4600000|
|  47|0x00000000e4700000, 0x00000000e4700000, 0x00000000e4800000|  0%| F|  |TS  6|AC  0|TAMS 0x00000000e4700000, 0x00000000e4700000|
|  48|0x00000000e4800000, 0x00000000e4800000, 0x00000000e4900000|  0%| F|  |TS  6|AC  0|TAMS 0x00000000e4800000, 0x00000000e4800000|
|  49|0x00000000e4900000, 0x00000000e4900000, 0x00000000e4a00000|  0%| F|  |TS  6|AC  0|TAMS 0x00000000e4900000, 0x00000000e4900000|
|  50|0x00000000e4a00000, 0x00000000e4a00000, 0x00000000e4b00000|  0%| F|  |TS  6|AC  0|TAMS 0x00000000e4a00000, 0x00000000e4a00000|
|  51|0x00000000e4b00000, 0x00000000e4b795b0, 0x00000000e4c00000| 47%| S|CS|TS 10|AC  0|TAMS 0x00000000e4b00000, 0x00000000e4b00000|
|  52|0x00000000e4c00000, 0x00000000e4d00000, 0x00000000e4d00000|100%| S|CS|TS 10|AC  0|TAMS 0x00000000e4c00000, 0x00000000e4c00000|
|  53|0x00000000e4d00000, 0x00000000e4e00000, 0x00000000e4e00000|100%| S|CS|TS 10|AC  0|TAMS 0x00000000e4d00000, 0x00000000e4d00000|
|  54|0x00000000e4e00000, 0x00000000e4f00000, 0x00000000e4f00000|100%| S|CS|TS 10|AC  0|TAMS 0x00000000e4e00000, 0x00000000e4e00000|
|  55|0x00000000e4f00000, 0x00000000e5000000, 0x00000000e5000000|100%| S|CS|TS 10|AC  0|TAMS 0x00000000e4f00000, 0x00000000e4f00000|
|  56|0x00000000e5000000, 0x00000000e5000000, 0x00000000e5100000|  0%| F|  |TS 10|AC  0|TAMS 0x00000000e5000000, 0x00000000e5000000|
|  57|0x00000000e5100000, 0x00000000e5100000, 0x00000000e5200000|  0%| F|  |TS 10|AC  0|TAMS 0x00000000e5100000, 0x00000000e5100000|
|  58|0x00000000e5200000, 0x00000000e5200000, 0x00000000e5300000|  0%| F|  |TS 10|AC  0|TAMS 0x00000000e5200000, 0x00000000e5200000|
|  59|0x00000000e5300000, 0x00000000e5300000, 0x00000000e5400000|  0%| F|  |TS 10|AC  0|TAMS 0x00000000e5300000, 0x00000000e5300000|
|  60|0x00000000e5400000, 0x00000000e5500000, 0x00000000e5500000|100%| S|CS|TS 10|AC  0|TAMS 0x00000000e5400000, 0x00000000e5400000|
|  61|0x00000000e5500000, 0x00000000e5600000, 0x00000000e5600000|100%| S|CS|TS 10|AC  0|TAMS 0x00000000e5500000, 0x00000000e5500000|
|  62|0x00000000e5600000, 0x00000000e5600000, 0x00000000e5700000|  0%| F|  |TS 10|AC  0|TAMS 0x00000000e5600000, 0x00000000e5600000|
|  63|0x00000000e5700000, 0x00000000e5700000, 0x00000000e5800000|  0%| F|  |TS 10|AC  0|TAMS 0x00000000e5700000, 0x00000000e5700000|
|  64|0x00000000e5800000, 0x00000000e5800000, 0x00000000e5900000|  0%| F|  |TS 10|AC  0|TAMS 0x00000000e5800000, 0x00000000e5800000|
|  65|0x00000000e5900000, 0x00000000e5900000, 0x00000000e5a00000|  0%| F|  |TS 10|AC  0|TAMS 0x00000000e5900000, 0x00000000e5900000|
|  66|0x00000000e5a00000, 0x00000000e5a00000, 0x00000000e5b00000|  0%| F|  |TS 10|AC  0|TAMS 0x00000000e5a00000, 0x00000000e5a00000|
|  67|0x00000000e5b00000, 0x00000000e5b00000, 0x00000000e5c00000|  0%| F|  |TS 10|AC  0|TAMS 0x00000000e5b00000, 0x00000000e5b00000|
|  68|0x00000000e5c00000, 0x00000000e5c00000, 0x00000000e5d00000|  0%| F|  |TS 10|AC  0|TAMS 0x00000000e5c00000, 0x00000000e5c00000|
|  69|0x00000000e5d00000, 0x00000000e5d00000, 0x00000000e5e00000|  0%| F|  |TS 10|AC  0|TAMS 0x00000000e5d00000, 0x00000000e5d00000|
|  70|0x00000000e5e00000, 0x00000000e5e00000, 0x00000000e5f00000|  0%| F|  |TS 10|AC  0|TAMS 0x00000000e5e00000, 0x00000000e5e00000|
|  71|0x00000000e5f00000, 0x00000000e5f00000, 0x00000000e6000000|  0%| F|  |TS 10|AC  0|TAMS 0x00000000e5f00000, 0x00000000e5f00000|
|  72|0x00000000e6000000, 0x00000000e6000000, 0x00000000e6100000|  0%| F|  |TS 10|AC  0|TAMS 0x00000000e6000000, 0x00000000e6000000|
|  73|0x00000000e6100000, 0x00000000e6100000, 0x00000000e6200000|  0%| F|  |TS 10|AC  0|TAMS 0x00000000e6100000, 0x00000000e6100000|
|  74|0x00000000e6200000, 0x00000000e6200000, 0x00000000e6300000|  0%| F|  |TS 10|AC  0|TAMS 0x00000000e6200000, 0x00000000e6200000|
|  75|0x00000000e6300000, 0x00000000e6300000, 0x00000000e6400000|  0%| F|  |TS 10|AC  0|TAMS 0x00000000e6300000, 0x00000000e6300000|
|  76|0x00000000e6400000, 0x00000000e6400000, 0x00000000e6500000|  0%| F|  |TS 10|AC  0|TAMS 0x00000000e6400000, 0x00000000e6400000|
|  77|0x00000000e6500000, 0x00000000e6500000, 0x00000000e6600000|  0%| F|  |TS 10|AC  0|TAMS 0x00000000e6500000, 0x00000000e6500000|
|  78|0x00000000e6600000, 0x00000000e6600000, 0x00000000e6700000|  0%| F|  |TS 10|AC  0|TAMS 0x00000000e6600000, 0x00000000e6600000|
|  79|0x00000000e6700000, 0x00000000e6700000, 0x00000000e6800000|  0%| F|  |TS 10|AC  0|TAMS 0x00000000e6700000, 0x00000000e6700000|
|  80|0x00000000e6800000, 0x00000000e6800000, 0x00000000e6900000|  0%| F|  |TS 10|AC  0|TAMS 0x00000000e6800000, 0x00000000e6800000|
|  81|0x00000000e6900000, 0x00000000e6900000, 0x00000000e6a00000|  0%| F|  |TS 10|AC  0|TAMS 0x00000000e6900000, 0x00000000e6900000|
|  82|0x00000000e6a00000, 0x00000000e6a00000, 0x00000000e6b00000|  0%| F|  |TS 10|AC  0|TAMS 0x00000000e6a00000, 0x00000000e6a00000|
|  83|0x00000000e6b00000, 0x00000000e6b00000, 0x00000000e6c00000|  0%| F|  |TS 10|AC  0|TAMS 0x00000000e6b00000, 0x00000000e6b00000|
|  84|0x00000000e6c00000, 0x00000000e6c00000, 0x00000000e6d00000|  0%| F|  |TS 10|AC  0|TAMS 0x00000000e6c00000, 0x00000000e6c00000|
|  85|0x00000000e6d00000, 0x00000000e6d00000, 0x00000000e6e00000|  0%| F|  |TS 10|AC  0|TAMS 0x00000000e6d00000, 0x00000000e6d00000|
|  86|0x00000000e6e00000, 0x00000000e6e00000, 0x00000000e6f00000|  0%| F|  |TS 10|AC  0|TAMS 0x00000000e6e00000, 0x00000000e6e00000|
|  87|0x00000000e6f00000, 0x00000000e6f00000, 0x00000000e7000000|  0%| F|  |TS 10|AC  0|TAMS 0x00000000e6f00000, 0x00000000e6f00000|
|  88|0x00000000e7000000, 0x00000000e7000000, 0x00000000e7100000|  0%| F|  |TS 10|AC  0|TAMS 0x00000000e7000000, 0x00000000e7000000|
|  89|0x00000000e7100000, 0x00000000e7100000, 0x00000000e7200000|  0%| F|  |TS 10|AC  0|TAMS 0x00000000e7100000, 0x00000000e7100000|
|  90|0x00000000e7200000, 0x00000000e7200000, 0x00000000e7300000|  0%| F|  |TS 10|AC  0|TAMS 0x00000000e7200000, 0x00000000e7200000|
|  91|0x00000000e7300000, 0x00000000e7300000, 0x00000000e7400000|  0%| F|  |TS 10|AC  0|TAMS 0x00000000e7300000, 0x00000000e7300000|
|  92|0x00000000e7400000, 0x00000000e7400000, 0x00000000e7500000|  0%| F|  |TS 10|AC  0|TAMS 0x00000000e7400000, 0x00000000e7400000|
|  93|0x00000000e7500000, 0x00000000e7500000, 0x00000000e7600000|  0%| F|  |TS 10|AC  0|TAMS 0x00000000e7500000, 0x00000000e7500000|
|  94|0x00000000e7600000, 0x00000000e7600000, 0x00000000e7700000|  0%| F|  |TS 10|AC  0|TAMS 0x00000000e7600000, 0x00000000e7600000|
|  95|0x00000000e7700000, 0x00000000e7700000, 0x00000000e7800000|  0%| F|  |TS 10|AC  0|TAMS 0x00000000e7700000, 0x00000000e7700000|
|  96|0x00000000e7800000, 0x00000000e7800000, 0x00000000e7900000|  0%| F|  |TS 10|AC  0|TAMS 0x00000000e7800000, 0x00000000e7800000|
|  97|0x00000000e7900000, 0x00000000e7900000, 0x00000000e7a00000|  0%| F|  |TS 10|AC  0|TAMS 0x00000000e7900000, 0x00000000e7900000|
|  98|0x00000000e7a00000, 0x00000000e7a00000, 0x00000000e7b00000|  0%| F|  |TS 10|AC  0|TAMS 0x00000000e7a00000, 0x00000000e7a00000|
|  99|0x00000000e7b00000, 0x00000000e7b00000, 0x00000000e7c00000|  0%| F|  |TS 10|AC  0|TAMS 0x00000000e7b00000, 0x00000000e7b00000|
| 100|0x00000000e7c00000, 0x00000000e7c00000, 0x00000000e7d00000|  0%| F|  |TS 10|AC  0|TAMS 0x00000000e7c00000, 0x00000000e7c00000|
| 101|0x00000000e7d00000, 0x00000000e7d00000, 0x00000000e7e00000|  0%| F|  |TS 10|AC  0|TAMS 0x00000000e7d00000, 0x00000000e7d00000|
| 102|0x00000000e7e00000, 0x00000000e7e00000, 0x00000000e7f00000|  0%| F|  |TS 10|AC  0|TAMS 0x00000000e7e00000, 0x00000000e7e00000|
| 103|0x00000000e7f00000, 0x00000000e7f00000, 0x00000000e8000000|  0%| F|  |TS 10|AC  0|TAMS 0x00000000e7f00000, 0x00000000e7f00000|
| 104|0x00000000e8000000, 0x00000000e8000000, 0x00000000e8100000|  0%| F|  |TS 10|AC  0|TAMS 0x00000000e8000000, 0x00000000e8000000|
| 105|0x00000000e8100000, 0x00000000e8100000, 0x00000000e8200000|  0%| F|  |TS 10|AC  0|TAMS 0x00000000e8100000, 0x00000000e8100000|
| 106|0x00000000e8200000, 0x00000000e8200000, 0x00000000e8300000|  0%| F|  |TS 10|AC  0|TAMS 0x00000000e8200000, 0x00000000e8200000|
| 107|0x00000000e8300000, 0x00000000e8300000, 0x00000000e8400000|  0%| F|  |TS 10|AC  0|TAMS 0x00000000e8300000, 0x00000000e8300000|
| 108|0x00000000e8400000, 0x00000000e8400000, 0x00000000e8500000|  0%| F|  |TS 10|AC  0|TAMS 0x00000000e8400000, 0x00000000e8400000|
| 109|0x00000000e8500000, 0x00000000e8500000, 0x00000000e8600000|  0%| F|  |TS 10|AC  0|TAMS 0x00000000e8500000, 0x00000000e8500000|
| 110|0x00000000e8600000, 0x00000000e8600000, 0x00000000e8700000|  0%| F|  |TS 10|AC  0|TAMS 0x00000000e8600000, 0x00000000e8600000|
| 111|0x00000000e8700000, 0x00000000e8700000, 0x00000000e8800000|  0%| F|  |TS 10|AC  0|TAMS 0x00000000e8700000, 0x00000000e8700000|
| 112|0x00000000e8800000, 0x00000000e8800000, 0x00000000e8900000|  0%| F|  |TS 10|AC  0|TAMS 0x00000000e8800000, 0x00000000e8800000|
| 113|0x00000000e8900000, 0x00000000e8900000, 0x00000000e8a00000|  0%| F|  |TS 10|AC  0|TAMS 0x00000000e8900000, 0x00000000e8900000|
| 114|0x00000000e8a00000, 0x00000000e8a00000, 0x00000000e8b00000|  0%| F|  |TS 10|AC  0|TAMS 0x00000000e8a00000, 0x00000000e8a00000|
| 115|0x00000000e8b00000, 0x00000000e8bb5690, 0x00000000e8c00000| 70%| E|  |TS 10|AC  0|TAMS 0x00000000e8b00000, 0x00000000e8b00000|
| 116|0x00000000e8c00000, 0x00000000e8d00000, 0x00000000e8d00000|100%| E|CS|TS 10|AC  0|TAMS 0x00000000e8c00000, 0x00000000e8c00000|
| 117|0x00000000e8d00000, 0x00000000e8e00000, 0x00000000e8e00000|100%| E|CS|TS 10|AC  0|TAMS 0x00000000e8d00000, 0x00000000e8d00000|
| 118|0x00000000e8e00000, 0x00000000e8f00000, 0x00000000e8f00000|100%| E|CS|TS 10|AC  0|TAMS 0x00000000e8e00000, 0x00000000e8e00000|
| 119|0x00000000e8f00000, 0x00000000e9000000, 0x00000000e9000000|100%| E|CS|TS 10|AC  0|TAMS 0x00000000e8f00000, 0x00000000e8f00000|
| 120|0x00000000e9000000, 0x00000000e9100000, 0x00000000e9100000|100%| E|CS|TS 10|AC  0|TAMS 0x00000000e9000000, 0x00000000e9000000|
| 121|0x00000000e9100000, 0x00000000e9200000, 0x00000000e9200000|100%| E|CS|TS 10|AC  0|TAMS 0x00000000e9100000, 0x00000000e9100000|
| 122|0x00000000e9200000, 0x00000000e9300000, 0x00000000e9300000|100%| E|CS|TS 10|AC  0|TAMS 0x00000000e9200000, 0x00000000e9200000|
| 123|0x00000000e9300000, 0x00000000e9400000, 0x00000000e9400000|100%| E|CS|TS 10|AC  0|TAMS 0x00000000e9300000, 0x00000000e9300000|
| 124|0x00000000e9400000, 0x00000000e9500000, 0x00000000e9500000|100%| E|CS|TS 10|AC  0|TAMS 0x00000000e9400000, 0x00000000e9400000|
| 125|0x00000000e9500000, 0x00000000e9600000, 0x00000000e9600000|100%| E|CS|TS 10|AC  0|TAMS 0x00000000e9500000, 0x00000000e9500000|
| 126|0x00000000e9600000, 0x00000000e9700000, 0x00000000e9700000|100%| E|CS|TS 10|AC  0|TAMS 0x00000000e9600000, 0x00000000e9600000|
| 127|0x00000000e9700000, 0x00000000e9800000, 0x00000000e9800000|100%| E|CS|TS 10|AC  0|TAMS 0x00000000e9700000, 0x00000000e9700000|
| 128|0x00000000e9800000, 0x00000000e9900000, 0x00000000e9900000|100%| E|CS|TS 10|AC  0|TAMS 0x00000000e9800000, 0x00000000e9800000|
| 129|0x00000000e9900000, 0x00000000e9a00000, 0x00000000e9a00000|100%| E|CS|TS 10|AC  0|TAMS 0x00000000e9900000, 0x00000000e9900000|
| 130|0x00000000e9a00000, 0x00000000e9b00000, 0x00000000e9b00000|100%| E|CS|TS 10|AC  0|TAMS 0x00000000e9a00000, 0x00000000e9a00000|
| 131|0x00000000e9b00000, 0x00000000e9c00000, 0x00000000e9c00000|100%| E|CS|TS 10|AC  0|TAMS 0x00000000e9b00000, 0x00000000e9b00000|
| 132|0x00000000e9c00000, 0x00000000e9d00000, 0x00000000e9d00000|100%| E|CS|TS 10|AC  0|TAMS 0x00000000e9c00000, 0x00000000e9c00000|
| 133|0x00000000e9d00000, 0x00000000e9e00000, 0x00000000e9e00000|100%| E|CS|TS 10|AC  0|TAMS 0x00000000e9d00000, 0x00000000e9d00000|
| 134|0x00000000e9e00000, 0x00000000e9f00000, 0x00000000e9f00000|100%| E|CS|TS 10|AC  0|TAMS 0x00000000e9e00000, 0x00000000e9e00000|
| 135|0x00000000e9f00000, 0x00000000ea000000, 0x00000000ea000000|100%| E|CS|TS 10|AC  0|TAMS 0x00000000e9f00000, 0x00000000e9f00000|
| 136|0x00000000ea000000, 0x00000000ea100000, 0x00000000ea100000|100%| E|CS|TS 10|AC  0|TAMS 0x00000000ea000000, 0x00000000ea000000|
| 137|0x00000000ea100000, 0x00000000ea200000, 0x00000000ea200000|100%| E|CS|TS 10|AC  0|TAMS 0x00000000ea100000, 0x00000000ea100000|
| 138|0x00000000ea200000, 0x00000000ea300000, 0x00000000ea300000|100%| E|CS|TS 10|AC  0|TAMS 0x00000000ea200000, 0x00000000ea200000|
| 139|0x00000000ea300000, 0x00000000ea400000, 0x00000000ea400000|100%| E|CS|TS 10|AC  0|TAMS 0x00000000ea300000, 0x00000000ea300000|
| 140|0x00000000ea400000, 0x00000000ea500000, 0x00000000ea500000|100%| E|CS|TS 10|AC  0|TAMS 0x00000000ea400000, 0x00000000ea400000|
| 141|0x00000000ea500000, 0x00000000ea600000, 0x00000000ea600000|100%| E|CS|TS 10|AC  0|TAMS 0x00000000ea500000, 0x00000000ea500000|
| 142|0x00000000ea600000, 0x00000000ea700000, 0x00000000ea700000|100%| E|CS|TS 10|AC  0|TAMS 0x00000000ea600000, 0x00000000ea600000|
| 143|0x00000000ea700000, 0x00000000ea800000, 0x00000000ea800000|100%| E|CS|TS 10|AC  0|TAMS 0x00000000ea700000, 0x00000000ea700000|
| 144|0x00000000ea800000, 0x00000000ea900000, 0x00000000ea900000|100%| E|CS|TS 10|AC  0|TAMS 0x00000000ea800000, 0x00000000ea800000|
| 145|0x00000000ea900000, 0x00000000eaa00000, 0x00000000eaa00000|100%| E|CS|TS 10|AC  0|TAMS 0x00000000ea900000, 0x00000000ea900000|
| 146|0x00000000eaa00000, 0x00000000eab00000, 0x00000000eab00000|100%| E|CS|TS 10|AC  0|TAMS 0x00000000eaa00000, 0x00000000eaa00000|
| 147|0x00000000eab00000, 0x00000000eac00000, 0x00000000eac00000|100%| E|CS|TS 10|AC  0|TAMS 0x00000000eab00000, 0x00000000eab00000|
| 148|0x00000000eac00000, 0x00000000ead00000, 0x00000000ead00000|100%| E|CS|TS 10|AC  0|TAMS 0x00000000eac00000, 0x00000000eac00000|
| 149|0x00000000ead00000, 0x00000000eae00000, 0x00000000eae00000|100%| E|CS|TS 10|AC  0|TAMS 0x00000000ead00000, 0x00000000ead00000|
| 150|0x00000000eae00000, 0x00000000eaf00000, 0x00000000eaf00000|100%| E|CS|TS 10|AC  0|TAMS 0x00000000eae00000, 0x00000000eae00000|
| 151|0x00000000eaf00000, 0x00000000eb000000, 0x00000000eb000000|100%| E|CS|TS 10|AC  0|TAMS 0x00000000eaf00000, 0x00000000eaf00000|
| 152|0x00000000eb000000, 0x00000000eb100000, 0x00000000eb100000|100%| E|CS|TS 10|AC  0|TAMS 0x00000000eb000000, 0x00000000eb000000|
| 153|0x00000000eb100000, 0x00000000eb200000, 0x00000000eb200000|100%| E|CS|TS 10|AC  0|TAMS 0x00000000eb100000, 0x00000000eb100000|
| 154|0x00000000eb200000, 0x00000000eb300000, 0x00000000eb300000|100%| E|CS|TS 10|AC  0|TAMS 0x00000000eb200000, 0x00000000eb200000|

Card table byte_map: [0x000000be1aae0000,0x000000be1abe0000] byte_map_base: 0x000000be1a3d4000

Marking Bits (Prev, Next): (CMBitMap*) 0x000000be000471a8, (CMBitMap*) 0x000000be00047170
 Prev Bits: [0x000000be1b480000, 0x000000be1bc20000)
 Next Bits: [0x000000be1ace0000, 0x000000be1b480000)

Polling page: 0x000000be00000000

CodeHeap 'non-profiled nmethods': size=120064Kb used=3899Kb max_used=3899Kb free=116164Kb
 bounds [0x000000be12e90000, 0x000000be13270000, 0x000000be1a3d0000]
CodeHeap 'profiled nmethods': size=120000Kb used=16961Kb max_used=18104Kb free=103038Kb
 bounds [0x000000be0b960000, 0x000000be0cb40000, 0x000000be12e90000]
CodeHeap 'non-nmethods': size=5696Kb used=1175Kb max_used=1208Kb free=4521Kb
 bounds [0x000000be0b3d0000, 0x000000be0b640000, 0x000000be0b960000]
 total_blobs=10878 nmethods=7069 adapters=439
 compilation: enabled

Compilation events (10 events):
Event: 134.454 Thread 0x000000be1ecb6800 8430       2       org.eclipse.jdt.internal.compiler.codegen.ConstantPool::putInCacheIfAbsent (213 bytes)
Event: 134.456 Thread 0x000000be1ecb6800 nmethod 8430 0x000000be0c299b10 code [0x000000be0c299d80, 0x000000be0c29a4a0]
Event: 134.456 Thread 0x000000be1ecb6800 8431       2       org.eclipse.jdt.internal.compiler.lookup.ReferenceBinding::isEnum (15 bytes)
Event: 134.457 Thread 0x000000be1ecb6800 nmethod 8431 0x000000be0c215c90 code [0x000000be0c215e40, 0x000000be0c215fb8]
Event: 134.457 Thread 0x000000be1ecb6800 8432       2       org.eclipse.jdt.internal.compiler.ast.SingleNameReference::generateCode (654 bytes)
Event: 134.462 Thread 0x000000be1ecb6800 nmethod 8432 0x000000be0c2a5910 code [0x000000be0c2a5ca0, 0x000000be0c2a69c0]
Event: 134.464 Thread 0x000000be1ecb6800 8434       1       org.eclipse.jdt.internal.compiler.problem.DefaultProblem::getSourceStart (5 bytes)
Event: 134.464 Thread 0x000000be1ecb6800 nmethod 8434 0x000000be131f1610 code [0x000000be131f17c0, 0x000000be131f18d8]
Event: 134.583 Thread 0x000000be1ecb6800 8435       1       java.util.Calendar::getZone (5 bytes)
Event: 134.583 Thread 0x000000be1ecb6800 nmethod 8435 0x000000be131f1290 code [0x000000be131f1440, 0x000000be131f1558]

GC Heap History (10 events):
Event: 59.349 GC heap before
{Heap before GC invocations=56 (full 0):
 garbage-first heap   total 67584K, used 50758K [0x00000000e1800000, 0x0000000100000000)
  region size 1024K, 22 young (22528K), 2 survivors (2048K)
 Metaspace       used 41293K, capacity 42101K, committed 42496K, reserved 1087488K
  class space    used 4206K, capacity 4528K, committed 4608K, reserved 1048576K
}
Event: 59.379 GC heap after
{Heap after GC invocations=57 (full 0):
 garbage-first heap   total 114688K, used 32048K [0x00000000e1800000, 0x0000000100000000)
  region size 1024K, 2 young (2048K), 2 survivors (2048K)
 Metaspace       used 41293K, capacity 42101K, committed 42496K, reserved 1087488K
  class space    used 4206K, capacity 4528K, committed 4608K, reserved 1048576K
}
Event: 60.307 GC heap before
{Heap before GC invocations=57 (full 0):
 garbage-first heap   total 114688K, used 69936K [0x00000000e1800000, 0x0000000100000000)
  region size 1024K, 39 young (39936K), 2 survivors (2048K)
 Metaspace       used 41294K, capacity 42101K, committed 42496K, reserved 1087488K
  class space    used 4206K, capacity 4528K, committed 4608K, reserved 1048576K
}
Event: 60.340 GC heap after
{Heap after GC invocations=58 (full 0):
 garbage-first heap   total 114688K, used 33625K [0x00000000e1800000, 0x0000000100000000)
  region size 1024K, 4 young (4096K), 4 survivors (4096K)
 Metaspace       used 41294K, capacity 42101K, committed 42496K, reserved 1087488K
  class space    used 4206K, capacity 4528K, committed 4608K, reserved 1048576K
}
Event: 61.011 GC heap before
{Heap before GC invocations=58 (full 0):
 garbage-first heap   total 114688K, used 78681K [0x00000000e1800000, 0x0000000100000000)
  region size 1024K, 48 young (49152K), 4 survivors (4096K)
 Metaspace       used 41298K, capacity 42101K, committed 42496K, reserved 1087488K
  class space    used 4206K, capacity 4528K, committed 4608K, reserved 1048576K
}
Event: 61.039 GC heap after
{Heap after GC invocations=59 (full 0):
 garbage-first heap   total 114688K, used 33982K [0x00000000e1800000, 0x0000000100000000)
  region size 1024K, 4 young (4096K), 4 survivors (4096K)
 Metaspace       used 41298K, capacity 42101K, committed 42496K, reserved 1087488K
  class space    used 4206K, capacity 4528K, committed 4608K, reserved 1048576K
}
Event: 61.699 GC heap before
{Heap before GC invocations=59 (full 0):
 garbage-first heap   total 114688K, used 82110K [0x00000000e1800000, 0x0000000100000000)
  region size 1024K, 51 young (52224K), 4 survivors (4096K)
 Metaspace       used 41298K, capacity 42101K, committed 42496K, reserved 1087488K
  class space    used 4206K, capacity 4528K, committed 4608K, reserved 1048576K
}
Event: 61.732 GC heap after
{Heap after GC invocations=60 (full 0):
 garbage-first heap   total 114688K, used 35673K [0x00000000e1800000, 0x0000000100000000)
  region size 1024K, 5 young (5120K), 5 survivors (5120K)
 Metaspace       used 41298K, capacity 42101K, committed 42496K, reserved 1087488K
  class space    used 4206K, capacity 4528K, committed 4608K, reserved 1048576K
}
Event: 128.745 GC heap before
{Heap before GC invocations=60 (full 0):
 garbage-first heap   total 114688K, used 85849K [0x00000000e1800000, 0x0000000100000000)
  region size 1024K, 54 young (55296K), 5 survivors (5120K)
 Metaspace       used 48132K, capacity 48962K, committed 49280K, reserved 1093632K
  class space    used 4861K, capacity 5210K, committed 5248K, reserved 1048576K
}
Event: 128.899 GC heap after
{Heap after GC invocations=61 (full 0):
 garbage-first heap   total 158720K, used 40207K [0x00000000e1800000, 0x0000000100000000)
  region size 1024K, 7 young (7168K), 7 survivors (7168K)
 Metaspace       used 48132K, capacity 48962K, committed 49280K, reserved 1093632K
  class space    used 4861K, capacity 5210K, committed 5248K, reserved 1048576K
}

Deoptimization events (10 events):
Event: 133.186 Thread 0x000000be20118800 Uncommon trap: reason=class_check action=maybe_recompile pc=0x000000be12fc2784 method=java.util.Collections$UnmodifiableMap$UnmodifiableEntrySet$UnmodifiableEntry.getValue()Ljava/lang/Object; @ 4 c2
Event: 133.186 Thread 0x000000be20118800 Uncommon trap: reason=class_check action=maybe_recompile pc=0x000000be12fbb68c method=java.util.Collections$UnmodifiableMap$UnmodifiableEntrySet$1.hasNext()Z @ 4 c2
Event: 133.186 Thread 0x000000be20118800 Uncommon trap: reason=class_check action=maybe_recompile pc=0x000000be12fb4524 method=java.util.Collections$UnmodifiableMap$UnmodifiableEntrySet$1.next()Ljava/util/Map$Entry; @ 8 c2
Event: 133.186 Thread 0x000000be20118800 Uncommon trap: reason=class_check action=maybe_recompile pc=0x000000be12fb4b04 method=java.util.Collections$UnmodifiableMap$UnmodifiableEntrySet$UnmodifiableEntry.getKey()Ljava/lang/Object; @ 4 c2
Event: 133.186 Thread 0x000000be20118800 Uncommon trap: reason=class_check action=maybe_recompile pc=0x000000be12fb4524 method=java.util.Collections$UnmodifiableMap$UnmodifiableEntrySet$1.next()Ljava/util/Map$Entry; @ 8 c2
Event: 133.187 Thread 0x000000be20118800 Uncommon trap: reason=class_check action=maybe_recompile pc=0x000000be12fb4b04 method=java.util.Collections$UnmodifiableMap$UnmodifiableEntrySet$UnmodifiableEntry.getKey()Ljava/lang/Object; @ 4 c2
Event: 134.020 Thread 0x000000be20118800 Uncommon trap: reason=unstable_if action=reinterpret pc=0x000000be12ecdb50 method=sun.util.locale.LocaleUtils.caseIgnoreMatch(Ljava/lang/String;Ljava/lang/String;)Z @ 60 c2
Event: 134.117 Thread 0x000000be20118800 Uncommon trap: reason=unstable_if action=reinterpret pc=0x000000be130b58c0 method=org.codehaus.plexus.classworlds.realm.Entry.matches(Ljava/lang/String;)Z @ 33 c2
Event: 134.157 Thread 0x000000be20118800 Uncommon trap: reason=unstable_if action=reinterpret pc=0x000000be13111d54 method=java.util.Properties.loadConvert([CII[C)Ljava/lang/String; @ 72 c2
Event: 134.157 Thread 0x000000be20118800 Uncommon trap: reason=unstable_if action=reinterpret pc=0x000000be1308131c method=java.lang.StringUTF16.compress([CII)[B @ 13 c2

Classes redefined (0 events):
No events

Internal exceptions (10 events):
Event: 133.125 Thread 0x000000be20118800 Exception <a 'java/lang/ClassNotFoundException'{0x00000000e99f2f30}: java/lang/ObjectCustomizer> (0x00000000e99f2f30) thrown at [t:/workspace/open/src/hotspot/share/classfile/systemDictionary.cpp, line 233]
Event: 133.173 Thread 0x000000be20118800 Exception <a 'java/lang/ClassNotFoundException'{0x00000000e9808fd8}: javax/servlet/jsp/tagext/TagSupportCustomizer> (0x00000000e9808fd8) thrown at [t:/workspace/open/src/hotspot/share/classfile/systemDictionary.cpp, line 233]
Event: 133.194 Thread 0x000000be20118800 Exception <a 'java/lang/ClassNotFoundException'{0x00000000e9828700}: org/apache/taglibs/standard/tag/common/fmt/SetLocaleSupportCustomizer> (0x00000000e9828700) thrown at [t:/workspace/open/src/hotspot/share/classfile/systemDictionary.cpp, line 233]
Event: 133.211 Thread 0x000000be20118800 Exception <a 'java/lang/ClassNotFoundException'{0x00000000e9841ad8}: org/apache/taglibs/standard/tag/rt/fmt/SetLocaleTagCustomizer> (0x00000000e9841ad8) thrown at [t:/workspace/open/src/hotspot/share/classfile/systemDictionary.cpp, line 233]
Event: 133.229 Thread 0x000000be20118800 Exception <a 'java/lang/ClassNotFoundException'{0x00000000e9866cb8}: org/apache/taglibs/standard/tag/rt/fmt/SetBundleTagBeanInfo> (0x00000000e9866cb8) thrown at [t:/workspace/open/src/hotspot/share/classfile/systemDictionary.cpp, line 233]
Event: 133.231 Thread 0x000000be20118800 Exception <a 'java/lang/ClassNotFoundException'{0x00000000e987bc10}: org/apache/taglibs/standard/tag/common/fmt/SetBundleSupportBeanInfo> (0x00000000e987bc10) thrown at [t:/workspace/open/src/hotspot/share/classfile/systemDictionary.cpp, line 233]
Event: 133.235 Thread 0x000000be20118800 Exception <a 'java/lang/ClassNotFoundException'{0x00000000e9890b10}: org/apache/taglibs/standard/tag/common/fmt/SetBundleSupportCustomizer> (0x00000000e9890b10) thrown at [t:/workspace/open/src/hotspot/share/classfile/systemDictionary.cpp, line 233]
Event: 133.247 Thread 0x000000be20118800 Exception <a 'java/lang/ClassNotFoundException'{0x00000000e98a98d0}: org/apache/taglibs/standard/tag/rt/fmt/SetBundleTagCustomizer> (0x00000000e98a98d0) thrown at [t:/workspace/open/src/hotspot/share/classfile/systemDictionary.cpp, line 233]
Event: 133.333 Thread 0x000000be20118800 Exception <a 'java/lang/ArrayIndexOutOfBoundsException'{0x00000000e98f0618}> (0x00000000e98f0618) thrown at [t:/workspace/open/src/hotspot/share/runtime/sharedRuntime.cpp, line 600]
Event: 134.261 Thread 0x000000be20118800 Exception <a 'java/lang/ArrayIndexOutOfBoundsException'{0x00000000e90fe9a0}> (0x00000000e90fe9a0) thrown at [t:/workspace/open/src/hotspot/share/runtime/sharedRuntime.cpp, line 600]

Events (10 events):
Event: 134.611 Executing VM operation: RevokeBias done
Event: 134.612 Thread 0x000000be20576800 Thread added: 0x000000be20576800
Event: 134.680 Executing VM operation: RevokeBias
Event: 134.680 Executing VM operation: RevokeBias done
Event: 134.680 Executing VM operation: RevokeBias
Event: 134.680 Executing VM operation: RevokeBias done
Event: 134.680 Executing VM operation: RevokeBias
Event: 134.680 Executing VM operation: RevokeBias done
Event: 134.680 Executing VM operation: RevokeBias
Event: 134.680 Executing VM operation: RevokeBias done


Dynamic libraries:
0x00007ff709db0000 - 0x00007ff709dee000 	C:\Program Files\Java\jdk-10.0.1\bin\java.exe
0x00007fff339f0000 - 0x00007fff33bb2000 	C:\Windows\SYSTEM32\ntdll.dll
0x00007fff31db0000 - 0x00007fff31e5d000 	C:\Windows\system32\KERNEL32.DLL
0x00007fff30ed0000 - 0x00007fff310ad000 	C:\Windows\system32\KERNELBASE.dll
0x00007fff31a30000 - 0x00007fff31ad6000 	C:\Windows\system32\ADVAPI32.dll
0x00007fff31e80000 - 0x00007fff31f1d000 	C:\Windows\system32\msvcrt.dll
0x00007fff31560000 - 0x00007fff315bb000 	C:\Windows\system32\sechost.dll
0x00007fff31ae0000 - 0x00007fff31c06000 	C:\Windows\system32\RPCRT4.dll
0x00007fff31880000 - 0x00007fff319ce000 	C:\Windows\system32\USER32.dll
0x00007fff31c10000 - 0x00007fff31d93000 	C:\Windows\system32\GDI32.dll
0x00007fff259c0000 - 0x00007fff25c34000 	C:\Windows\WinSxS\amd64_microsoft.windows.common-controls_6595b64144ccf1df_6.0.10240.17184_none_f41d7a705752bce6\COMCTL32.dll
0x00007fff26bd0000 - 0x00007fff26bda000 	C:\Windows\SYSTEM32\VERSION.dll
0x00007fff321a0000 - 0x00007fff321d6000 	C:\Windows\system32\IMM32.DLL
0x00007fff31720000 - 0x00007fff3187c000 	C:\Windows\system32\MSCTF.dll
0x00007fff07840000 - 0x00007fff0792f000 	C:\Program Files\Java\jdk-10.0.1\bin\msvcr120.dll
0x00007fff03470000 - 0x00007fff03516000 	C:\Program Files\Java\jdk-10.0.1\bin\msvcp120.dll
0x0000000065690000 - 0x0000000066100000 	C:\Program Files\Java\jdk-10.0.1\bin\server\jvm.dll
0x00007fff315c0000 - 0x00007fff315c8000 	C:\Windows\system32\PSAPI.DLL
0x00007fff2d620000 - 0x00007fff2d629000 	C:\Windows\SYSTEM32\WSOCK32.dll
0x00007fff316b0000 - 0x00007fff31719000 	C:\Windows\system32\WS2_32.dll
0x00007fff31da0000 - 0x00007fff31da8000 	C:\Windows\system32\NSI.dll
0x00007fff2e5a0000 - 0x00007fff2e5c3000 	C:\Windows\SYSTEM32\WINMM.dll
0x00007fff2e540000 - 0x00007fff2e56c000 	C:\Windows\SYSTEM32\WINMMBASE.dll
0x00007fff304b0000 - 0x00007fff304f4000 	C:\Windows\system32\cfgmgr32.dll
0x00007fff2ecf0000 - 0x00007fff2ed17000 	C:\Windows\SYSTEM32\DEVOBJ.dll
0x00007fff29020000 - 0x00007fff2902f000 	C:\Program Files\Java\jdk-10.0.1\bin\verify.dll
0x00007fff2c5d0000 - 0x00007fff2c75a000 	C:\Windows\SYSTEM32\DBGHELP.DLL
0x00007fff24e30000 - 0x00007fff24e55000 	C:\Windows\SYSTEM32\dbgcore.DLL
0x00007fff15de0000 - 0x00007fff15e07000 	C:\Program Files\Java\jdk-10.0.1\bin\java.dll
0x00007fff12c80000 - 0x00007fff12caa000 	C:\Program Files\Java\jdk-10.0.1\bin\instrument.dll
0x00007fff17990000 - 0x00007fff179a6000 	C:\Program Files\Java\jdk-10.0.1\bin\zip.dll
0x00007fff274c0000 - 0x00007fff274ca000 	C:\Program Files\Java\jdk-10.0.1\bin\jimage.dll
0x00007fff32240000 - 0x00007fff33763000 	C:\Windows\system32\SHELL32.dll
0x00007fff308a0000 - 0x00007fff30ec9000 	C:\Windows\system32\windows.storage.dll
0x00007fff33770000 - 0x00007fff339ec000 	C:\Windows\system32\combase.dll
0x00007fff31500000 - 0x00007fff31551000 	C:\Windows\system32\shlwapi.dll
0x00007fff304a0000 - 0x00007fff304af000 	C:\Windows\system32\kernel.appcore.dll
0x00007fff30500000 - 0x00007fff305b3000 	C:\Windows\system32\shcore.dll
0x00007fff30450000 - 0x00007fff3049a000 	C:\Windows\system32\powrprof.dll
0x00007fff30410000 - 0x00007fff30423000 	C:\Windows\system32\profapi.dll
0x00007fff10c40000 - 0x00007fff10c5a000 	C:\Program Files\Java\jdk-10.0.1\bin\net.dll
0x00007fff26030000 - 0x00007fff26106000 	C:\Windows\SYSTEM32\WINHTTP.dll
0x00007fff2fc20000 - 0x00007fff2fc7d000 	C:\Windows\system32\mswsock.dll
0x00007fff0f4f0000 - 0x00007fff0f501000 	C:\Program Files\Java\jdk-10.0.1\bin\nio.dll
0x00007fff0e7e0000 - 0x00007fff0e7fa000 	C:\Program Files\JetBrains\IntelliJ IDEA Community Edition 2018.1.4\bin\breakgen64.dll
0x00007fff2fc80000 - 0x00007fff2fc97000 	C:\Windows\SYSTEM32\CRYPTSP.dll
0x00007fff30340000 - 0x00007fff30368000 	C:\Windows\SYSTEM32\bcrypt.dll
0x00007fff2f870000 - 0x00007fff2f8a3000 	C:\Windows\system32\rsaenh.dll
0x00007fff2fa70000 - 0x00007fff2fa8f000 	C:\Windows\SYSTEM32\USERENV.dll
0x00007fff301c0000 - 0x00007fff3022b000 	C:\Windows\system32\bcryptprimitives.dll
0x00007fff2fdf0000 - 0x00007fff2fdfb000 	C:\Windows\SYSTEM32\CRYPTBASE.dll
0x00007fff2ae40000 - 0x00007fff2ae78000 	C:\Windows\SYSTEM32\IPHLPAPI.DLL
0x00007fff2ae30000 - 0x00007fff2ae3b000 	C:\Windows\SYSTEM32\WINNSI.DLL
0x00007fff2ac60000 - 0x00007fff2ac76000 	C:\Windows\SYSTEM32\dhcpcsvc6.DLL
0x00007fff2aa50000 - 0x00007fff2aa6a000 	C:\Windows\SYSTEM32\dhcpcsvc.DLL
0x00007fff225d0000 - 0x00007fff225d9000 	C:\Program Files\Java\jdk-10.0.1\bin\management.dll
0x00007fff219a0000 - 0x00007fff219aa000 	C:\Program Files\Java\jdk-10.0.1\bin\management_ext.dll

dbghelp: loaded successfully - version: 4.0.5 - missing functions: none
symbol engine: initialized successfully - sym options: 0x614 - pdb path: .;C:\Program Files\Java\jdk-10.0.1\bin;C:\Windows\SYSTEM32;C:\Windows\WinSxS\amd64_microsoft.windows.common-controls_6595b64144ccf1df_6.0.10240.17184_none_f41d7a705752bce6;C:\Program Files\Java\jdk-10.0.1\bin\server;C:\Program Files\JetBrains\IntelliJ IDEA Community Edition 2018.1.4\bin

VM Arguments:
jvm_args: -Dmaven.multiModuleProjectDirectory=C:\Users\Test\IdeaProjects\WebAppv10 -Dmaven.home=C:\Program Files\JetBrains\IntelliJ IDEA Community Edition 2018.1.4\plugins\maven\lib\maven3 -Dclassworlds.conf=C:\Program Files\JetBrains\IntelliJ IDEA Community Edition 2018.1.4\plugins\maven\lib\maven3\bin\m2.conf -javaagent:C:\Program Files\JetBrains\IntelliJ IDEA Community Edition 2018.1.4\lib\idea_rt.jar=56325:C:\Program Files\JetBrains\IntelliJ IDEA Community Edition 2018.1.4\bin -Dfile.encoding=UTF-8 
java_command: org.codehaus.classworlds.Launcher -Didea.version=2018.1.5 tomcat7:run
java_class_path (initial): C:\Program Files\JetBrains\IntelliJ IDEA Community Edition 2018.1.4\plugins\maven\lib\maven3\boot\plexus-classworlds-2.5.2.jar
Launcher Type: SUN_STANDARD

Logging:
Log output configuration:
#0: stdout all=warning uptime,level,tags
#1: stderr all=off uptime,level,tags

Environment Variables:
PATH=C:\Program Files (x86)\Intel\TXE Components\TCS\;C:\Program Files\Intel\TXE Components\TCS\;C:\Windows\system32;C:\Windows;C:\Windows\System32\Wbem;C:\Windows\System32\WindowsPowerShell\v1.0\;C:\Program Files\Intel\TXE Components\DAL\;C:\Program Files (x86)\Intel\TXE Components\DAL\;C:\Program Files\Intel\TXE Components\IPT\;C:\Program Files (x86)\Intel\TXE Components\IPT\;C:\Program Files\MySQL\MySQL Utilities 1.6\
USERNAME=Test
OS=Windows_NT
PROCESSOR_IDENTIFIER=Intel64 Family 6 Model 76 Stepping 3, GenuineIntel



---------------  S Y S T E M  ---------------

OS: Windows 10 , 64 bit Build 10240 (10.0.10240.17113)

CPU:total 2 (initial active 2) (2 cores per cpu, 1 threads per core) family 6 model 76 stepping 3, cmov, cx8, fxsr, mmx, sse, sse2, sse3, ssse3, sse4.1, sse4.2, popcnt, aes, clmul, erms, 3dnowpref, tsc, tscinvbit

Memory: 4k page, physical 1998792k(46528k free), swap 4208204k(5012k free)

vm_info: Java HotSpot(TM) 64-Bit Server VM (10.0.1+10) for windows-amd64 JRE (10.0.1+10), built on Mar 27 2018 02:27:48 by "mach5one" with MS VC++ 12.0 (VS2013)

END.
